{
  "RSpec": {
    "coverage": {
      "/Users/Sara/Documents/koulu/ratebeer/app/models/rating.rb": [
        1,
        1,
        1,
        null,
        2,
        null,
        1,
        null,
        null,
        null,
        1,
        11,
        null,
        null,
        null
      ],
      "/Users/Sara/Documents/koulu/ratebeer/app/helpers/application_helper.rb": [
        1,
        1,
        1,
        0,
        0,
        null,
        0,
        null,
        null,
        null
      ],
      "/Users/Sara/Documents/koulu/ratebeer/app/helpers/beer_clubs_helper.rb": [
        1,
        null
      ],
      "/Users/Sara/Documents/koulu/ratebeer/app/helpers/beers_helper.rb": [
        1,
        null
      ],
      "/Users/Sara/Documents/koulu/ratebeer/app/helpers/breweries_helper.rb": [
        1,
        null
      ],
      "/Users/Sara/Documents/koulu/ratebeer/app/helpers/memberships_helper.rb": [
        1,
        null
      ],
      "/Users/Sara/Documents/koulu/ratebeer/app/helpers/styles_helper.rb": [
        1,
        null
      ],
      "/Users/Sara/Documents/koulu/ratebeer/app/helpers/users_helper.rb": [
        1,
        null
      ],
      "/Users/Sara/Documents/koulu/ratebeer/app/models/beer.rb": [
        1,
        1,
        1,
        1,
        1,
        null,
        1,
        1,
        null,
        1,
        null,
        1,
        3,
        null,
        null,
        1,
        0,
        0,
        null,
        null,
        1,
        3,
        1,
        null,
        null,
        null
      ],
      "/Users/Sara/Documents/koulu/ratebeer/app/models/concerns/rating_average.rb": [
        null,
        null,
        1,
        1,
        1,
        16,
        0,
        null,
        39,
        null,
        null,
        null
      ],
      "/Users/Sara/Documents/koulu/ratebeer/app/models/brewery.rb": [
        1,
        1,
        1,
        null,
        4,
        4,
        null,
        1,
        1,
        null,
        1,
        null,
        1,
        null,
        1,
        38,
        38,
        0,
        null,
        null,
        null,
        null,
        1,
        0,
        0,
        0,
        null,
        null,
        1,
        0,
        0,
        null,
        null,
        1,
        2,
        1,
        null,
        null,
        null
      ],
      "/Users/Sara/Documents/koulu/ratebeer/app/models/style.rb": [
        1,
        1,
        1,
        null,
        1,
        null,
        1,
        2,
        1,
        null,
        null
      ],
      "/Users/Sara/Documents/koulu/ratebeer/app/models/user.rb": [
        1,
        1,
        1,
        1,
        1,
        null,
        1,
        1,
        1,
        null,
        1,
        null,
        null,
        null,
        null,
        1,
        1,
        null,
        1,
        null,
        1,
        null,
        1,
        4,
        3,
        null,
        null,
        1,
        22,
        13,
        13,
        18,
        null,
        13,
        18,
        28,
        18,
        null,
        null,
        null,
        13,
        13,
        13,
        17,
        16,
        16,
        null,
        null,
        13,
        null,
        null,
        1,
        24,
        13,
        13,
        18,
        18,
        null,
        13,
        18,
        22,
        22,
        18,
        null,
        null,
        null,
        13,
        13,
        13,
        15,
        15,
        15,
        null,
        null,
        13,
        null,
        null,
        1,
        2,
        1,
        null,
        null
      ],
      "/Users/Sara/Documents/koulu/ratebeer/app/controllers/sessions_controller.rb": [
        1,
        null,
        1,
        null,
        null,
        null,
        1,
        7,
        7,
        6,
        6,
        null,
        1,
        null,
        null,
        null,
        1,
        0,
        0,
        null,
        null,
        null
      ],
      "/Users/Sara/Documents/koulu/ratebeer/app/controllers/application_controller.rb": [
        1,
        null,
        null,
        1,
        null,
        null,
        1,
        null,
        1,
        95,
        61,
        null,
        null,
        1,
        4,
        null,
        null
      ],
      "/Users/Sara/Documents/koulu/ratebeer/app/controllers/users_controller.rb": [
        1,
        1,
        null,
        null,
        null,
        1,
        0,
        null,
        null,
        null,
        null,
        1,
        null,
        null,
        null,
        1,
        1,
        null,
        null,
        null,
        1,
        null,
        null,
        null,
        null,
        1,
        1,
        null,
        1,
        1,
        2,
        1,
        null,
        0,
        0,
        null,
        null,
        null,
        null,
        null,
        null,
        1,
        0,
        0,
        0,
        0,
        null,
        0,
        0,
        null,
        null,
        null,
        null,
        null,
        null,
        1,
        0,
        0,
        0,
        0,
        0,
        0,
        null,
        null,
        0,
        null,
        null,
        null,
        1,
        null,
        1,
        14,
        null,
        null,
        null,
        1,
        1,
        null,
        null
      ],
      "/Users/Sara/Documents/koulu/ratebeer/app/models/membership.rb": [
        1,
        1,
        1,
        null,
        null,
        null
      ],
      "/Users/Sara/Documents/koulu/ratebeer/app/models/beer_club.rb": [
        1,
        1,
        1,
        null,
        null,
        1,
        0,
        null,
        null
      ],
      "/Users/Sara/Documents/koulu/ratebeer/app/controllers/beers_controller.rb": [
        1,
        1,
        1,
        null,
        null,
        null,
        1,
        1,
        null,
        null,
        null,
        null,
        1,
        0,
        0,
        null,
        null,
        null,
        1,
        2,
        2,
        null,
        null,
        null,
        1,
        0,
        null,
        null,
        null,
        null,
        1,
        2,
        null,
        2,
        2,
        2,
        1,
        null,
        1,
        2,
        1,
        null,
        null,
        null,
        null,
        null,
        null,
        1,
        0,
        0,
        0,
        0,
        null,
        0,
        0,
        null,
        null,
        null,
        null,
        null,
        null,
        1,
        0,
        0,
        0,
        0,
        null,
        null,
        null,
        1,
        null,
        1,
        0,
        null,
        null,
        null,
        1,
        2,
        null,
        null,
        1,
        3,
        3,
        null,
        null,
        null
      ],
      "/Users/Sara/Documents/koulu/ratebeer/app/controllers/breweries_controller.rb": [
        1,
        1,
        1,
        null,
        null,
        1,
        3,
        3,
        null,
        null,
        null,
        null,
        1,
        null,
        null,
        null,
        1,
        0,
        null,
        null,
        null,
        1,
        null,
        null,
        null,
        null,
        1,
        0,
        null,
        0,
        0,
        0,
        0,
        null,
        0,
        0,
        null,
        null,
        null,
        null,
        null,
        null,
        1,
        0,
        0,
        0,
        0,
        null,
        0,
        0,
        null,
        null,
        null,
        null,
        null,
        null,
        1,
        0,
        0,
        0,
        0,
        null,
        null,
        null,
        1,
        null,
        1,
        1,
        null,
        null,
        null,
        1,
        0,
        null,
        null,
        null
      ],
      "/Users/Sara/Documents/koulu/ratebeer/lib/beermapping_api.rb": [
        1,
        1,
        5,
        9,
        null,
        null,
        1,
        null,
        1,
        4,
        null,
        4,
        4,
        null,
        4,
        null,
        3,
        3,
        5,
        null,
        null,
        null,
        1,
        4,
        4,
        null,
        null,
        null
      ],
      "/Users/Sara/Documents/koulu/ratebeer/app/models/place.rb": [
        1,
        1,
        null,
        1,
        null,
        1,
        7,
        null,
        null,
        1,
        0,
        0,
        null,
        0,
        0,
        0,
        null,
        null,
        null
      ],
      "/Users/Sara/Documents/koulu/ratebeer/app/controllers/places_controller.rb": [
        1,
        1,
        null,
        1,
        null,
        null,
        1,
        null,
        null,
        1,
        3,
        3,
        3,
        1,
        null,
        2,
        null,
        null,
        null,
        1,
        null,
        1,
        0,
        null,
        null,
        1,
        0,
        0,
        0,
        0,
        null,
        null,
        null,
        null
      ],
      "/Users/Sara/Documents/koulu/ratebeer/app/controllers/ratings_controller.rb": [
        null,
        1,
        null,
        1,
        1,
        1,
        1,
        1,
        1,
        null,
        null,
        1,
        1,
        1,
        null,
        null,
        1,
        1,
        null,
        1,
        0,
        1,
        1,
        1,
        null,
        0,
        0,
        null,
        null,
        null,
        null,
        1,
        1,
        1,
        1,
        null,
        null,
        null
      ],
      "/Users/Sara/Documents/koulu/ratebeer/app/controllers/beer_clubs_controller.rb": [
        0,
        0,
        0,
        0,
        0,
        0,
        0,
        0,
        0,
        0,
        0,
        0,
        0,
        0,
        0,
        0,
        0,
        0,
        0,
        0,
        0,
        0,
        0,
        0,
        0,
        0,
        0,
        0,
        0,
        0,
        0,
        0,
        0,
        0,
        0,
        0,
        0,
        0,
        0,
        0,
        0,
        0,
        0,
        0,
        0,
        0,
        0,
        0,
        0,
        0,
        0,
        0,
        0,
        0,
        0,
        0,
        0,
        0,
        0,
        0,
        0,
        0,
        0,
        0,
        0,
        0,
        0,
        0,
        0,
        0,
        0,
        0,
        0,
        0,
        0,
        0,
        0,
        0,
        0,
        0,
        0,
        0,
        0,
        0,
        0
      ],
      "/Users/Sara/Documents/koulu/ratebeer/app/controllers/memberships_controller.rb": [
        0,
        0,
        0,
        0,
        0,
        0,
        0,
        0,
        0,
        0,
        0,
        0,
        0,
        0,
        0,
        0,
        0,
        0,
        0,
        0,
        0,
        0,
        0,
        0,
        0,
        0,
        0,
        0,
        0,
        0,
        0,
        0,
        0,
        0,
        0,
        0,
        0,
        0,
        0,
        0,
        0,
        0,
        0,
        0,
        0,
        0,
        0,
        0,
        0,
        0,
        0,
        0,
        0,
        0,
        0,
        0,
        0,
        0,
        0,
        0,
        0,
        0,
        0,
        0,
        0,
        0,
        0,
        0,
        0,
        0,
        0,
        0,
        0,
        0
      ],
      "/Users/Sara/Documents/koulu/ratebeer/app/controllers/styles_controller.rb": [
        0,
        0,
        0,
        0,
        0,
        0,
        0,
        0,
        0,
        0,
        0,
        0,
        0,
        0,
        0,
        0,
        0,
        0,
        0,
        0,
        0,
        0,
        0,
        0,
        0,
        0,
        0,
        0,
        0,
        0,
        0,
        0,
        0,
        0,
        0,
        0,
        0,
        0,
        0,
        0,
        0,
        0,
        0,
        0,
        0,
        0,
        0,
        0,
        0,
        0,
        0,
        0,
        0,
        0,
        0,
        0,
        0,
        0,
        0,
        0,
        0,
        0,
        0,
        0,
        0,
        0,
        0,
        0,
        0,
        0,
        0,
        0,
        0,
        0
      ]
    },
    "timestamp": 1456064414
  }
}
